Build started 16/2/2015 10:04:20 AM.
     1>Project "C:\Users\Admin.RP\Desktop\DM2122_141648W_OngJunSen_Assignment3\Application\Application.vcxproj" on node 2 (build target(s)).
     1>InitializeBuildStatus:
         Creating "Debug\Application.unsuccessfulbuild" because "AlwaysCreate" was specified.
       ClCompile:
         C:\Program Files (x86)\Microsoft Visual Studio 10.0\VC\bin\CL.exe /c /IC:\Users\Admin.RP\Desktop\DM2122_141648W_OngJunSen_Assignment3\\Common\Source /IC:\Users\Admin.RP\Desktop\DM2122_141648W_OngJunSen_Assignment3\\glfw\include /IC:\Users\Admin.RP\Desktop\DM2122_141648W_OngJunSen_Assignment3\\glew\include /ZI /nologo /W3 /WX- /Od /Oy- /D WIN32 /D _DEBUG /D _CONSOLE /D _UNICODE /D UNICODE /Gm /EHsc /RTC1 /MDd /GS /fp:precise /Zc:wchar_t /Zc:forScope /Fo"Debug\\" /Fd"Debug\vc100.pdb" /Gd /TP /analyze- /errorReport:prompt Source\SceneSP.cpp
         SceneSP.cpp
     1>c:\users\admin.rp\desktop\dm2122_141648w_ongjunsen_assignment3\application\source\material.h(21): warning C4305: 'argument' : truncation from 'double' to 'float'
     1>c:\users\admin.rp\desktop\dm2122_141648w_ongjunsen_assignment3\application\source\material.h(21): warning C4305: 'argument' : truncation from 'double' to 'float'
     1>c:\users\admin.rp\desktop\dm2122_141648w_ongjunsen_assignment3\application\source\material.h(21): warning C4305: 'argument' : truncation from 'double' to 'float'
     1>c:\users\admin.rp\desktop\dm2122_141648w_ongjunsen_assignment3\application\source\material.h(22): warning C4305: 'argument' : truncation from 'double' to 'float'
     1>c:\users\admin.rp\desktop\dm2122_141648w_ongjunsen_assignment3\application\source\material.h(22): warning C4305: 'argument' : truncation from 'double' to 'float'
     1>c:\users\admin.rp\desktop\dm2122_141648w_ongjunsen_assignment3\application\source\material.h(22): warning C4305: 'argument' : truncation from 'double' to 'float'
     1>c:\users\admin.rp\desktop\dm2122_141648w_ongjunsen_assignment3\application\source\material.h(23): warning C4305: 'argument' : truncation from 'double' to 'float'
     1>c:\users\admin.rp\desktop\dm2122_141648w_ongjunsen_assignment3\application\source\material.h(23): warning C4305: 'argument' : truncation from 'double' to 'float'
     1>c:\users\admin.rp\desktop\dm2122_141648w_ongjunsen_assignment3\application\source\material.h(23): warning C4305: 'argument' : truncation from 'double' to 'float'
     1>c:\users\admin.rp\desktop\dm2122_141648w_ongjunsen_assignment3\application\source\scenesp.cpp(213): warning C4305: 'argument' : truncation from 'double' to 'float'
     1>c:\users\admin.rp\desktop\dm2122_141648w_ongjunsen_assignment3\application\source\scenesp.cpp(219): warning C4305: 'argument' : truncation from 'double' to 'float'
     1>c:\users\admin.rp\desktop\dm2122_141648w_ongjunsen_assignment3\application\source\scenesp.cpp(279): warning C4305: 'argument' : truncation from 'double' to 'float'
     1>c:\users\admin.rp\desktop\dm2122_141648w_ongjunsen_assignment3\application\source\scenesp.cpp(279): warning C4305: 'argument' : truncation from 'double' to 'float'
     1>c:\users\admin.rp\desktop\dm2122_141648w_ongjunsen_assignment3\application\source\scenesp.cpp(279): warning C4305: 'argument' : truncation from 'double' to 'float'
     1>c:\users\admin.rp\desktop\dm2122_141648w_ongjunsen_assignment3\application\source\scenesp.cpp(342): warning C4244: '=' : conversion from 'double' to 'float', possible loss of data
     1>c:\users\admin.rp\desktop\dm2122_141648w_ongjunsen_assignment3\application\source\scenesp.cpp(534): warning C4244: 'argument' : conversion from 'int' to 'float', possible loss of data
     1>c:\users\admin.rp\desktop\dm2122_141648w_ongjunsen_assignment3\application\source\scenesp.cpp(549): warning C4244: 'argument' : conversion from 'int' to 'float', possible loss of data
     1>c:\users\admin.rp\desktop\dm2122_141648w_ongjunsen_assignment3\application\source\scenesp.cpp(555): warning C4244: 'argument' : conversion from 'int' to 'float', possible loss of data
     1>c:\users\admin.rp\desktop\dm2122_141648w_ongjunsen_assignment3\application\source\scenesp.cpp(564): warning C4244: 'argument' : conversion from 'int' to 'float', possible loss of data
     1>c:\users\admin.rp\desktop\dm2122_141648w_ongjunsen_assignment3\application\source\scenesp.cpp(570): warning C4244: 'argument' : conversion from 'int' to 'float', possible loss of data
     1>c:\users\admin.rp\desktop\dm2122_141648w_ongjunsen_assignment3\application\source\scenesp.cpp(583): warning C4244: 'argument' : conversion from 'int' to 'float', possible loss of data
     1>c:\users\admin.rp\desktop\dm2122_141648w_ongjunsen_assignment3\application\source\scenesp.cpp(583): warning C4244: 'argument' : conversion from 'int' to 'float', possible loss of data
       ManifestResourceCompile:
         All outputs are up-to-date.
       Link:
         C:\Program Files (x86)\Microsoft Visual Studio 10.0\VC\bin\link.exe /ERRORREPORT:PROMPT /OUT:"C:\Users\Admin.RP\Desktop\DM2122_141648W_OngJunSen_Assignment3\Debug\Application.exe" /INCREMENTAL /NOLOGO /LIBPATH:C:\Users\Admin.RP\Desktop\DM2122_141648W_OngJunSen_Assignment3\Debug /LIBPATH:"C:\Users\Admin.RP\Desktop\DM2122_141648W_OngJunSen_Assignment3\\glfw\lib-msvc100" /LIBPATH:C:\Users\Admin.RP\Desktop\DM2122_141648W_OngJunSen_Assignment3\\glew\lib glew32.lib glfw3.lib opengl32.lib winmm.lib Common.lib kernel32.lib user32.lib gdi32.lib winspool.lib comdlg32.lib advapi32.lib shell32.lib ole32.lib oleaut32.lib uuid.lib odbc32.lib odbccp32.lib /MANIFEST /ManifestFile:"Debug\Application.exe.intermediate.manifest" /MANIFESTUAC:"level='asInvoker' uiAccess='false'" /DEBUG /PDB:"C:\Users\Admin.RP\Desktop\DM2122_141648W_OngJunSen_Assignment3\Debug\Application.pdb" /SUBSYSTEM:CONSOLE /TLBID:1 /DYNAMICBASE /NXCOMPAT /IMPLIB:"C:\Users\Admin.RP\Desktop\DM2122_141648W_OngJunSen_Assignment3\Debug\Application.lib" /MACHINE:X86 Debug\Application.exe.embed.manifest.res
         Debug\InitLight.obj
         Debug\Application.obj
         Debug\Camera.obj
         Debug\Camera2.obj
         Debug\Camera3.obj
         Debug\LoadOBJ.obj
         Debug\LoadTGA.obj
         Debug\main.obj
         Debug\Mesh.obj
         Debug\MeshBuilder.obj
         Debug\RenderCharacter.obj
         Debug\RenderSkybox.obj
         Debug\SceneSP.obj
         Debug\shader.obj
         Debug\Utility.obj
       Manifest:
         C:\Program Files (x86)\Microsoft SDKs\Windows\v7.0A\bin\mt.exe /nologo /verbose /out:"Debug\Application.exe.embed.manifest" /manifest Debug\Application.exe.intermediate.manifest
         All outputs are up-to-date.
       LinkEmbedManifest:
         All outputs are up-to-date.
         Application.vcxproj -> C:\Users\Admin.RP\Desktop\DM2122_141648W_OngJunSen_Assignment3\Debug\Application.exe
       FinalizeBuildStatus:
         Deleting file "Debug\Application.unsuccessfulbuild".
         Touching "Debug\Application.lastbuildstate".
     1>Done Building Project "C:\Users\Admin.RP\Desktop\DM2122_141648W_OngJunSen_Assignment3\Application\Application.vcxproj" (build target(s)).

Build succeeded.

Time Elapsed 00:00:03.90
